Using pre-set license
Built from '2020.3/staging' branch; Version is '2020.3.16f1 (049d6eca3c44) revision 302446'; Using compiler version '192528614'; Build Type 'Release'
OS: 'Windows 10 Home; OS build 19043.1288; Version 2009; 64bit' Language: 'en' Physical Memory: 16088 MB
BatchMode: 1, IsHumanControllingUs: 0, StartBugReporterOnCrash: 0, Is64bit: 1, IsPro: 0

 COMMAND LINE ARGUMENTS:
E:\Unity\Editor\Unity.exe
-adb2
-batchMode
-noUpm
-name
AssetImportWorker0
-projectPath
E:/Unity/Projects/Pandemonium
-logFile
Logs/AssetImportWorker0.log
-srvPort
56998
Successfully changed project path to: E:/Unity/Projects/Pandemonium
E:/Unity/Projects/Pandemonium
Using Asset Import Pipeline V2.
Refreshing native plugins compatible for Editor in 37.81 ms, found 2 plugins.
Preloading 0 native plugins for Editor in 0.00 ms.
Initialize engine version: 2020.3.16f1 (049d6eca3c44)
[Subsystems] Discovering subsystems at path E:/Unity/Editor/Data/Resources/UnitySubsystems
[Subsystems] Discovering subsystems at path E:/Unity/Projects/Pandemonium/Assets
GfxDevice: creating device client; threaded=0
Direct3D:
    Version:  Direct3D 11.0 [level 11.1]
    Renderer: NVIDIA GeForce GTX 1650 (ID=0x1f91)
    Vendor:   
    VRAM:     3964 MB
    Driver:   27.21.14.6231
Initialize mono
Mono path[0] = 'E:/Unity/Editor/Data/Managed'
Mono path[1] = 'E:/Unity/Editor/Data/MonoBleedingEdge/lib/mono/unityjit'
Mono config path = 'E:/Unity/Editor/Data/MonoBleedingEdge/etc'
Using monoOptions --debugger-agent=transport=dt_socket,embedding=1,server=y,suspend=n,address=127.0.0.1:56600
Begin MonoManager ReloadAssembly
Registering precompiled unity dll's ...
Register platform support module: E:/Unity/Editor/Data/PlaybackEngines/WebGLSupport/UnityEditor.WebGL.Extensions.dll
Register platform support module: E:/Unity/Editor/Data/PlaybackEngines/MacStandaloneSupport/UnityEditor.OSXStandalone.Extensions.dll
Register platform support module: E:/Unity/Editor/Data/PlaybackEngines/WindowsStandaloneSupport/UnityEditor.WindowsStandalone.Extensions.dll
Register platform support module: E:/Unity/Editor/Data/PlaybackEngines/LinuxStandaloneSupport/UnityEditor.LinuxStandalone.Extensions.dll
Registered in 0.002736 seconds.
Native extension for LinuxStandalone target not found
Native extension for WindowsStandalone target not found
Native extension for OSXStandalone target not found
Native extension for WebGL target not found
Refreshing native plugins compatible for Editor in 60.02 ms, found 2 plugins.
Preloading 0 native plugins for Editor in 0.00 ms.
Mono: successfully reloaded assembly
- Completed reload, in  1.306 seconds
Domain Reload Profiling:
	ReloadAssembly (1306ms)
		BeginReloadAssembly (66ms)
			ExecutionOrderSort (0ms)
			DisableScriptedObjects (0ms)
			BackupInstance (0ms)
			ReleaseScriptingObjects (0ms)
			CreateAndSetChildDomain (1ms)
		EndReloadAssembly (423ms)
			LoadAssemblies (67ms)
			RebuildTransferFunctionScriptingTraits (0ms)
			SetupTypeCache (143ms)
			ReleaseScriptCaches (0ms)
			RebuildScriptCaches (31ms)
			SetupLoadedEditorAssemblies (183ms)
				LogAssemblyErrors (0ms)
				InitializePlatformSupportModulesInManaged (6ms)
				SetLoadedEditorAssemblies (0ms)
				RefreshPlugins (60ms)
				BeforeProcessingInitializeOnLoad (15ms)
				ProcessInitializeOnLoadAttributes (77ms)
				ProcessInitializeOnLoadMethodAttributes (25ms)
				AfterProcessingInitializeOnLoad (0ms)
				EditorAssembliesLoaded (0ms)
			ExecutionOrderSort2 (0ms)
			AwakeInstancesAfterBackupRestoration (0ms)
Platform modules already initialized, skipping
Registering precompiled user dll's ...
Registered in 0.003406 seconds.
Begin MonoManager ReloadAssembly
Native extension for LinuxStandalone target not found
Native extension for WindowsStandalone target not found
Native extension for OSXStandalone target not found
Native extension for WebGL target not found
Refreshing native plugins compatible for Editor in 0.38 ms, found 2 plugins.
Preloading 0 native plugins for Editor in 0.00 ms.
Mono: successfully reloaded assembly
- Completed reload, in  1.044 seconds
Domain Reload Profiling:
	ReloadAssembly (1045ms)
		BeginReloadAssembly (149ms)
			ExecutionOrderSort (0ms)
			DisableScriptedObjects (4ms)
			BackupInstance (0ms)
			ReleaseScriptingObjects (0ms)
			CreateAndSetChildDomain (17ms)
		EndReloadAssembly (840ms)
			LoadAssemblies (100ms)
			RebuildTransferFunctionScriptingTraits (0ms)
			SetupTypeCache (272ms)
			ReleaseScriptCaches (0ms)
			RebuildScriptCaches (46ms)
			SetupLoadedEditorAssemblies (353ms)
				LogAssemblyErrors (0ms)
				InitializePlatformSupportModulesInManaged (7ms)
				SetLoadedEditorAssemblies (0ms)
				RefreshPlugins (0ms)
				BeforeProcessingInitializeOnLoad (66ms)
				ProcessInitializeOnLoadAttributes (273ms)
				ProcessInitializeOnLoadMethodAttributes (3ms)
				AfterProcessingInitializeOnLoad (2ms)
				EditorAssembliesLoaded (0ms)
			ExecutionOrderSort2 (0ms)
			AwakeInstancesAfterBackupRestoration (7ms)
Platform modules already initialized, skipping
========================================================================
Worker process is ready to serve import requests
Launched and connected shader compiler UnityShaderCompiler.exe after 0.07 seconds
Refreshing native plugins compatible for Editor in 0.43 ms, found 2 plugins.
Preloading 0 native plugins for Editor in 0.00 ms.
Unloading 1666 Unused Serialized files (Serialized files now loaded: 0)
System memory in use before: 151.9 MB.
System memory in use after: 152.0 MB.

Unloading 18 unused Assets to reduce memory usage. Loaded Objects now: 2109.
Total: 2.903500 ms (FindLiveObjects: 0.233000 ms CreateObjectMapping: 0.053800 ms MarkObjects: 2.553600 ms  DeleteObjects: 0.062200 ms)

AssetImportParameters requested are different than current active one (requested -> active):
  custom:framework-win-MediaFoundation: 216162199b28c13a410421893ffa2e32 -> 
  custom:video-decoder-ogg-theora: a1e56fd34408186e4bbccfd4996cb3dc -> 
  custom:container-muxer-webm: aa71ff27fc2769a1b78a27578f13a17b -> 
  custom:container-demuxer-webm: 4f35f7cbe854078d1ac9338744f61a02 -> 
  custom:container-demuxer-ogg: 62fdf1f143b41e24485cea50d1cbac27 -> 
  custom:video-encoder-webm-vp8: eb34c28f22e8b96e1ab97ce403110664 -> 
  custom:video-codec-MediaFoundation-h265: 746d11721c4dcdbdad8f713fa42b33f4 -> 
  custom:video-decoder-webm-vp8: 9c59270c3fd7afecdb556c50c9e8de78 -> 
  custom:audio-decoder-ogg-vorbis: bf7c407c2cedff20999df2af8eb42d56 -> 
  custom:audio-encoder-webm-vorbis: bf7c407c2cedff20999df2af8eb42d56 -> 
========================================================================
Received Import Request.
  path: Assets/Julhiecio TPS Controller/Editor
  artifactKey: Guid(2ea86e96123e84a439bd0b4464138d6f) Importer(815301076,1909f56bfc062723c751e8b465ee728b)
Start importing Assets/Julhiecio TPS Controller/Editor using Guid(2ea86e96123e84a439bd0b4464138d6f) Importer(815301076,1909f56bfc062723c751e8b465ee728b)  -> (artifact id: '32f10391e2c54b73b6710c05f28af4ce') in 0.045149 seconds 
  Import took 0.067828 seconds .

========================================================================
Received Import Request.
  Time since last request: 0.000295 seconds.
  path: Assets/Julhiecio TPS Controller/Materials
  artifactKey: Guid(5b636554f5d40ca49b240171dae85e6b) Importer(815301076,1909f56bfc062723c751e8b465ee728b)
Start importing Assets/Julhiecio TPS Controller/Materials using Guid(5b636554f5d40ca49b240171dae85e6b) Importer(815301076,1909f56bfc062723c751e8b465ee728b)  -> (artifact id: '20e7622eaa440ef1bb86eac44bfdc550') in 0.022923 seconds 
  Import took 0.025296 seconds .

========================================================================
Received Import Request.
  Time since last request: 0.000290 seconds.
  path: Assets/Julhiecio TPS Controller/Demo Scenes
  artifactKey: Guid(bb95970b362fe904ea01d2f03ce82066) Importer(815301076,1909f56bfc062723c751e8b465ee728b)
Start importing Assets/Julhiecio TPS Controller/Demo Scenes using Guid(bb95970b362fe904ea01d2f03ce82066) Importer(815301076,1909f56bfc062723c751e8b465ee728b)  -> (artifact id: '62c615e91e5a57f4106c2dbfb2e4a922') in 0.007667 seconds 
  Import took 0.012450 seconds .

========================================================================
Received Import Request.
  Time since last request: 0.000319 seconds.
  path: Assets/Julhiecio TPS Controller/Demo Scenes/Playground Mobile.unity
  artifactKey: Guid(acf675c0f21e8db4fa3e6b44e2a1757f) Importer(815301076,1909f56bfc062723c751e8b465ee728b)
Start importing Assets/Julhiecio TPS Controller/Demo Scenes/Playground Mobile.unity using Guid(acf675c0f21e8db4fa3e6b44e2a1757f) Importer(815301076,1909f56bfc062723c751e8b465ee728b)  -> (artifact id: 'fa2b750a6c8df19689258d7d05648a25') in 0.014144 seconds 
  Import took 0.017211 seconds .

========================================================================
Received Import Request.
  Time since last request: 0.000262 seconds.
  path: Assets/Julhiecio TPS Controller/Demo Scenes/Playground.unity
  artifactKey: Guid(c8b967beeda962c40a8267fb18605f06) Importer(815301076,1909f56bfc062723c751e8b465ee728b)
Start importing Assets/Julhiecio TPS Controller/Demo Scenes/Playground.unity using Guid(c8b967beeda962c40a8267fb18605f06) Importer(815301076,1909f56bfc062723c751e8b465ee728b)  -> (artifact id: 'b4f2a3c8137840fff0015ae047dabe7c') in 0.005753 seconds 
  Import took 0.023770 seconds .

========================================================================
Received Import Request.
  Time since last request: 0.015211 seconds.
  path: Assets/Julhiecio TPS Controller/Demo Scenes/Playground.unity
  artifactKey: Guid(c8b967beeda962c40a8267fb18605f06) Importer(815301076,1909f56bfc062723c751e8b465ee728b)
Start importing Assets/Julhiecio TPS Controller/Demo Scenes/Playground.unity using Guid(c8b967beeda962c40a8267fb18605f06) Importer(815301076,1909f56bfc062723c751e8b465ee728b)  -> (artifact id: 'b4f2a3c8137840fff0015ae047dabe7c') in 0.005402 seconds 
  Import took 0.009401 seconds .

========================================================================
Received Import Request.
  Time since last request: 35.711361 seconds.
  path: Assets/Julhiecio TPS Controller/JU Foot Placement/Scenes
  artifactKey: Guid(f6d2c97fb4036c940b9b49429fc225bd) Importer(815301076,1909f56bfc062723c751e8b465ee728b)
Start importing Assets/Julhiecio TPS Controller/JU Foot Placement/Scenes using Guid(f6d2c97fb4036c940b9b49429fc225bd) Importer(815301076,1909f56bfc062723c751e8b465ee728b)  -> (artifact id: '3c59c1e7bf90dcf0c54fbe71d9e7ef66') in 0.144711 seconds 
  Import took 0.164378 seconds .

========================================================================
Received Import Request.
  Time since last request: 0.972636 seconds.
  path: Assets/Julhiecio TPS Controller/JU Foot Placement/Scenes/SampleScene.unity
  artifactKey: Guid(bb6b6da6af1993c4298b439bc7e449fb) Importer(815301076,1909f56bfc062723c751e8b465ee728b)
Start importing Assets/Julhiecio TPS Controller/JU Foot Placement/Scenes/SampleScene.unity using Guid(bb6b6da6af1993c4298b439bc7e449fb) Importer(815301076,1909f56bfc062723c751e8b465ee728b)  -> (artifact id: '986315b1f96baf62861c22b33d7e2de0') in 0.006721 seconds 
  Import took 0.009187 seconds .

========================================================================
Received Import Request.
  Time since last request: 37.101240 seconds.
  path: Assets/Julhiecio TPS Controller/Scripts/Scene Management
  artifactKey: Guid(d27ededb0c50a7a4f83deb1e3c183df2) Importer(815301076,1909f56bfc062723c751e8b465ee728b)
Start importing Assets/Julhiecio TPS Controller/Scripts/Scene Management using Guid(d27ededb0c50a7a4f83deb1e3c183df2) Importer(815301076,1909f56bfc062723c751e8b465ee728b)  -> (artifact id: 'a161d85194cce244075ef1b8eee35cde') in 0.171149 seconds 
  Import took 0.404356 seconds .

AssetImportWorkerClient::OnTransportError - code=2 error=End of file
